<?xml version="1.0" encoding="UTF-8"?>
<!-- Generated by org.testng.reporters.JUnitReportReporter -->
<testsuite hostname="LT038859" name="com.appium.scenario.EbayAppTest" tests="2" failures="0" timestamp="27 Feb 2018 07:24:20 GMT" time="124.420" errors="0">
  <testcase name="EbayAppSearchByTextInputTestCase" time="25.224" classname="com.appium.scenario.EbayAppTest"/>
  <testcase name="EbayAppSearchByCategoryTestCase" time="99.196" classname="com.appium.scenario.EbayAppTest"/>
</testsuite> <!-- com.appium.scenario.EbayAppTest -->
